<?xml version="1.0" encoding="UTF-8"?>
<!-- Generated by org.testng.reporters.JUnitReportReporter -->
<testsuite hostname="Simanchal" name="Action_WD.HMS_popup" tests="1" failures="0" timestamp="8 Aug 2017 18:37:53 GMT" time="76.255" errors="0">
  <testcase name="f" time="76.255" classname="Action_WD.HMS_popup"/>
</testsuite> <!-- Action_WD.HMS_popup -->
